<?xml version="1.0" encoding="UTF-8" ?>
<testsuite errors="0" failures="0" hostname="vanniery" name="Main.testValores" skipped="0" tests="5" time="0.068" timestamp="2019-09-28T18:28:30">
  <properties>
[...]
</properties>
  <testcase classname="Main.testValores" name="testDel" time="0.001" />
  <testcase classname="Main.testValores" name="testIns" time="0.001" />
  <testcase classname="Main.testValores" name="testLower" time="0.001" />
  <testcase classname="Main.testValores" name="testMean" time="0.0" />
  <testcase classname="Main.testValores" name="testGreater" time="0.0" />
  <system-out><![CDATA[]]></system-out>
  <system-err><![CDATA[]]></system-err>
</testsuite>
